<?xml version="1.0" encoding="UTF-8"?>
<!-- Generated by org.testng.reporters.JUnitXMLReporter -->
<testsuite ignored="1" hostname="MBP-de-Filipe" failures="0" tests="1" name="Default test" time="3.709" errors="0" timestamp="2020-08-04T22:30:10 BRT">
  <testcase classname="com.herokuapp.restfulbooker.CreateBookingTests" name="createBookingWithPOJOTest" time="3.005"/>
  <testcase classname="com.herokuapp.restfulbooker.CreateBookingTests" name="createBookingTest" time="0.0">
    <ignored/>
  </testcase> <!-- createBookingTest -->
</testsuite> <!-- Default test -->
