<?xml version="1.0" encoding="UTF-8"?>
<!-- Generated by org.testng.reporters.JUnitXMLReporter -->
<testsuite ignored="1" hostname="MBP-de-Filipe" failures="0" tests="1" name="Default test" time="5.463" errors="0" timestamp="2020-08-04T07:51:00 BRT">
  <testcase classname="com.herokuapp.restfulbooker.HealthCheckTest" name="headersAndCookiesTest" time="4.707"/>
  <testcase classname="com.herokuapp.restfulbooker.HealthCheckTest" name="healthCheckTest" time="0.0">
    <ignored/>
  </testcase> <!-- healthCheckTest -->
</testsuite> <!-- Default test -->
