<?xml version="1.0" encoding="UTF-8"?>
<testng-results ignored="1" total="2" passed="1" failed="0" skipped="0">
  <reporter-output>
  </reporter-output>
  <suite started-at="2020-08-04T07:50:54 BRT" name="Default suite" finished-at="2020-08-04T07:51:00 BRT" duration-ms="5463">
    <groups>
    </groups>
    <test started-at="2020-08-04T07:50:54 BRT" name="Default test" finished-at="2020-08-04T07:51:00 BRT" duration-ms="5463">
      <class name="com.herokuapp.restfulbooker.HealthCheckTest">
        <test-method is-config="true" signature="setUp()[pri:0, instance:com.herokuapp.restfulbooker.HealthCheckTest@671a5887]" started-at="2020-08-04T07:50:54 BRT" name="setUp" finished-at="2020-08-04T07:50:55 BRT" duration-ms="692" status="PASS">
          <reporter-output>
          </reporter-output>
        </test-method> <!-- setUp -->
        <test-method signature="headersAndCookiesTest()[pri:0, instance:com.herokuapp.restfulbooker.HealthCheckTest@671a5887]" started-at="2020-08-04T07:50:55 BRT" name="headersAndCookiesTest" finished-at="2020-08-04T07:51:00 BRT" duration-ms="4707" status="PASS">
          <reporter-output>
          </reporter-output>
        </test-method> <!-- headersAndCookiesTest -->
      </class> <!-- com.herokuapp.restfulbooker.HealthCheckTest -->
    </test> <!-- Default test -->
  </suite> <!-- Default suite -->
</testng-results>
