<?xml version="1.0" encoding="UTF-8"?>
<testng-results ignored="0" total="1" passed="1" failed="0" skipped="0">
  <reporter-output>
  </reporter-output>
  <suite started-at="2020-07-30T08:48:36 BRT" name="Default suite" finished-at="2020-07-30T08:48:42 BRT" duration-ms="5402">
    <groups>
    </groups>
    <test started-at="2020-07-30T08:48:36 BRT" name="Default test" finished-at="2020-07-30T08:48:42 BRT" duration-ms="5402">
      <class name="com.herokuapp.restfulbooker.UpdateBookingTests">
        <test-method signature="updateBookingTest()[pri:0, instance:com.herokuapp.restfulbooker.UpdateBookingTests@f2ff811]" started-at="2020-07-30T08:48:36 BRT" name="updateBookingTest" finished-at="2020-07-30T08:48:42 BRT" duration-ms="5340" status="PASS">
          <reporter-output>
          </reporter-output>
        </test-method> <!-- updateBookingTest -->
      </class> <!-- com.herokuapp.restfulbooker.UpdateBookingTests -->
    </test> <!-- Default test -->
  </suite> <!-- Default suite -->
</testng-results>
